<?xml version="1.0" encoding="UTF-8"?>
<testsuite name="flask_tests.AppTestCase-20220307124757" tests="2" file="flask_tests.py" time="0.008" timestamp="2022-03-07T12:47:58" failures="0" errors="0" skipped="0">
	<testcase classname="flask_tests.AppTestCase" name="test" time="0.003" timestamp="2022-03-07T12:47:58"/>
	<testcase classname="flask_tests.AppTestCase" name="test_home" time="0.005" timestamp="2022-03-07T12:47:58"/>
</testsuite>
