<?xml version="1.0" encoding="UTF-8"?>
<testsuite name="flask_tests.AppTestCase-20220307123106" tests="2" file="flask_tests.py" time="0.004" timestamp="2022-03-07T12:31:07" failures="0" errors="0" skipped="0">
	<testcase classname="flask_tests.AppTestCase" name="test" time="0.002" timestamp="2022-03-07T12:31:07"/>
	<testcase classname="flask_tests.AppTestCase" name="test_home" time="0.002" timestamp="2022-03-07T12:31:07"/>
</testsuite>
