<?xml version="1.0" encoding="UTF-8"?>
<testsuite name="flask_tests.AppTestCase-20220307130440" tests="4" file="flask_tests.py" time="0.025" timestamp="2022-03-07T13:04:42" failures="0" errors="0" skipped="0">
	<testcase classname="flask_tests.AppTestCase" name="test_account_settings_full_data" time="0.006" timestamp="2022-03-07T13:04:42"/>
	<testcase classname="flask_tests.AppTestCase" name="test_account_settings_missing_email" time="0.003" timestamp="2022-03-07T13:04:42"/>
	<testcase classname="flask_tests.AppTestCase" name="test_account_settings_missing_user" time="0.001" timestamp="2022-03-07T13:04:42"/>
	<testcase classname="flask_tests.AppTestCase" name="test_check_urls" time="0.015" timestamp="2022-03-07T13:04:42"/>
</testsuite>
