<?xml version="1.0" encoding="UTF-8"?>
<testsuite name="flask_tests.flaskTests-20220307112931" tests="1" file="flask_tests.py" time="0.001" timestamp="2022-03-07T11:29:33" failures="0" errors="0" skipped="0">
	<testcase classname="flask_tests.flaskTests" name="testingUnittests" time="0.001" timestamp="2022-03-07T11:29:33"/>
</testsuite>
