<?xml version="1.0" encoding="UTF-8"?>
<testsuite name="app_tests.HelloWorldTest-20220225182712" tests="1" file="app_tests.py" time="0.000" timestamp="2022-02-25T18:27:12" failures="0" errors="0" skipped="0">
	<testcase classname="app_tests.HelloWorldTest" name="test_should_issue_hello_world_message" time="0.000" timestamp="2022-02-25T18:27:12"/>
</testsuite>
