<?xml version="1.0" encoding="UTF-8"?>
<testsuite name="flask_tests.HelloWorldTest-20220307122351" tests="1" file="flask_tests.py" time="0.000" timestamp="2022-03-07T12:23:53" failures="0" errors="0" skipped="0">
	<testcase classname="flask_tests.HelloWorldTest" name="test" time="0.000" timestamp="2022-03-07T12:23:53"/>
</testsuite>
